<descriptor>
  <description>S3 e2e test </description>
  <client href ="test.bsh"/>
  <service basedir="./server">
    <wsdl href="PingServices3.wsdl"/>
  </service>
</descriptor>

