<descriptor>
  <description>S4 e2e test </description>
  <client href ="test.bsh"/>
  <service basedir="./server">
    <wsdl href="PingServices4.wsdl"/>
  </service>
</descriptor>

