<descriptor since="2.0">
  <description>S9 e2e test </description>
  <client href ="test.bsh" since="2.0"/>
  <service basedir="./server">
    <wsdl href="PingServices9.wsdl"/>
  </service>
</descriptor>

