<descriptor>
  <description>S9 e2e test </description>
  <client href ="test.bsh"/>
  <service basedir="./server">
    <wsdl href="PingServices9.wsdl"/>
  </service>
</descriptor>

