<descriptor since="2.0">
  <description>S8 e2e test </description>
  <client href ="test.bsh" since="2.0"/>
  <service basedir="./server">
    <wsdl href="PingServices8.wsdl"/>
  </service>
</descriptor>

