<descriptor>
  <description>S8 e2e test </description>
  <client href ="test.bsh"/>
  <service basedir="./server">
    <wsdl href="PingServices8.wsdl"/>
  </service>
</descriptor>

