<descriptor>
  <description>This is a oneway RM test with increased value of AckRequestInterval </description>
  <client href ="test.bsh"/>
   <service basedir="./server">
    <wsdl href="EchoService.wsdl"/>
  </service>
</descriptor>

