<descriptor since="2.0">
  <description>This is a oneway RM test with increased value of AckRequestInterval </description>
  <client href ="test.bsh" since="2.0"/>
   <service basedir="./server">
    <wsdl href="EchoService.wsdl"/>
  </service>
</descriptor>

