<descriptor>
  <description>S6 e2e test </description>
  <client href ="test.bsh"/>
  <service basedir="./server">
    <wsdl href="PingServices6.wsdl"/>
  </service>
</descriptor>

