<descriptor skip="true">
  <description>This is a roundtrip RM test </description>
  <client href ="test.bsh"/>
  <service basedir="./server">
    <wsdl href="EchoService.wsdl"/>
  </service>
</descriptor>

