<descriptor>
  <description>This is a secure roundtrip RM test with soap 1.2 </description>
  <client href ="test.bsh"/>
  <service basedir="./server">
    <wsdl href="EchoService.wsdl"/>
  </service>
</descriptor>

