<descriptor since="2.0">
  <description>This is a SC11 test </description>
  <client href ="test.bsh" since="2.0"/>
  <service basedir="./server">
    <wsdl href="PingService.wsdl"/>
  </service>
</descriptor>

