<descriptor>
  <description>S7 e2e test </description>
  <client href ="test.bsh"/>
  <service basedir="./server">
    <wsdl href="PingServices7.wsdl"/>
  </service>
</descriptor>

