<descriptor>
  <description>This is a test for checking the Delivery assurances of RM </description>
  <client href ="test.bsh"/>
  <client href ="test1.bsh"/>
  <client href ="test2.bsh"/>
  <service basedir="./server">
    <wsdl href="EchoService.wsdl"/>
  </service>
</descriptor>

