<descriptor>
  <description>This is a SC12 test </description>
  <client href ="test.bsh"/>
  <service basedir="./server">
    <wsdl href="PingService.wsdl"/>
  </service>
</descriptor>

