<descriptor>
  <description>S15 e2e test </description>
  <client href ="test.bsh"/>
  <service basedir="./server">
    <wsdl href="PingServices15.wsdl"/>
  </service>
</descriptor>

