<descriptor since="2.0">
  <description>This is a roundtrip RM test </description>
  <client href ="test.bsh" since="2.0"/>
  <service basedir="./sts">
    <wsdl href="sts.wsdl"/>
  </service>
  <service basedir="./server">
    <wsdl href="PingService.wsdl"/>
  </service>
</descriptor>

