<descriptor transport="http">
  <description>S1 e2e test </description>
  <client href ="test.bsh"/>
  <service basedir="./server">
    <wsdl href="PingServices1.wsdl"/>
  </service>
</descriptor>

