<descriptor since="2.0">
  <description>This is a session RM test </description>
  <client href ="test.bsh" since="2.0"/>
  <service basedir="./server">
    <wsdl href="RMDemo.wsdl"/>
  </service>
</descriptor>

