<descriptor>
  <description>This is a session RM test </description>
  <client href ="test.bsh"/>
  <service basedir="./server">
    <wsdl href="RMDemo.wsdl"/>
  </service>
</descriptor>

