<descriptor>
  <description>S10 e2e test </description>
  <client href ="test.bsh"/>
  <service basedir="./server">
    <wsdl href="PingServices10.wsdl"/>
  </service>
</descriptor>

