<descriptor skip="false">
  <description>This is a test of createSequence functionality</description>
  <client href ="test.bsh"/>
  <service basedir="./server">
    <wsdl href="EchoService.wsdl"/>
  </service>
</descriptor>

