<descriptor>
  <description>S5 e2e test </description>
  <client href ="test.bsh"/>
  <service basedir="./server">
    <wsdl href="PingServices5.wsdl"/>
  </service>
</descriptor>

