<descriptor>
  <description>This is a oneway RM test with modifications to resendInterval </description>
  <client href ="test.bsh"/>
   <service basedir="./server">
    <wsdl href="EchoService.wsdl"/>
  </service>
</descriptor>

