<descriptor>
  <description>S2 e2e test </description>
  <client href ="test.bsh"/>
  <service basedir="./server">
    <wsdl href="PingServices2.wsdl"/>
  </service>
</descriptor>

