<descriptor since="2.0">
  <description>This is a trust public key issue test </description>
  <client href ="test.bsh" since="2.0"/>
  <sts basedir="./sts">
    <wsdl href="sts.wsdl"/>
  </sts>
  <service basedir="./server">
    <wsdl href="PingService.wsdl"/>
  </service>
</descriptor>

