<descriptor>
  <description>S12 e2e test : saml20 used in samlToken policy assertion as InitiatorToken</description>
  <client href ="test.bsh"/>
  <service basedir="./server">
    <wsdl href="PingServices12.wsdl"/>
  </service>
</descriptor>

