<descriptor>
  <description>S11 e2e test : saml11 used in samlToken policy assertion as InitiatorToken</description>
  <client href ="test.bsh"/>
  <service basedir="./server">
    <wsdl href="PingServices11.wsdl"/>
  </service>
</descriptor>

