<descriptor>
  <description>This tests behavior when Member submission addressing is apecified. </description>
  <client href ="test.bsh"/>
  <service basedir="./server">
    <wsdl href="RMDemo.wsdl"/>
  </service>
</descriptor>

